<?xml version="1.0" encoding="utf-8"?>
<!DOCTYPE coverage SYSTEM "http://cobertura.sourceforge.net/xml/coverage-04.dtd">
<coverage line-rate="0.42" branch-rate="0" lines-covered="42" lines-valid="100" branches-covered="0" branches-valid="2" complexity="29" version="0" timestamp="1649979447">
  <sources>
    <source>C:\Users\Ersel\</source>
  </sources>
  <packages>
    <package name="Integrations" line-rate="0" branch-rate="1" complexity="1">
      <classes>
        <class name="Integrations.RedisRepository" filename="C:\Users\Ersel\Source\Repos\Unittest_Demo\Integrations\RedisRepository.cs" line-rate="0" branch-rate="1" complexity="1">
          <methods>
            <method name="Get" signature="()" line-rate="0" branch-rate="1" complexity="1">
              <lines>
                <line number="6" hits="0" branch="false" />
                <line number="7" hits="0" branch="false" />
                <line number="8" hits="0" branch="false" />
              </lines>
            </method>
          </methods>
          <lines>
            <line number="6" hits="0" branch="false" />
            <line number="7" hits="0" branch="false" />
            <line number="8" hits="0" branch="false" />
          </lines>
        </class>
      </classes>
    </package>
    <package name="Services" line-rate="1" branch-rate="1" complexity="2">
      <classes>
        <class name="Services.BusinessService" filename="C:\Users\Ersel\Source\Repos\Unittest_Demo\Services\BusinessService.cs" line-rate="1" branch-rate="1" complexity="2">
          <methods>
            <method name="Get" signature="()" line-rate="1" branch-rate="1" complexity="1">
              <lines>
                <line number="15" hits="2" branch="false" />
                <line number="16" hits="2" branch="false" />
                <line number="17" hits="2" branch="false" />
              </lines>
            </method>
            <method name=".ctor" signature="(...)" line-rate="1" branch-rate="1" complexity="1">
              <lines>
                <line number="9" hits="2" branch="false" />
                <line number="10" hits="2" branch="false" />
                <line number="11" hits="2" branch="false" />
                <line number="12" hits="2" branch="false" />
              </lines>
            </method>
          </methods>
          <lines>
            <line number="9" hits="2" branch="false" />
            <line number="10" hits="2" branch="false" />
            <line number="11" hits="2" branch="false" />
            <line number="12" hits="2" branch="false" />
            <line number="15" hits="2" branch="false" />
            <line number="16" hits="2" branch="false" />
            <line number="17" hits="2" branch="false" />
          </lines>
        </class>
      </classes>
    </package>
    <package name="TestServices" line-rate="0.9333333333333333" branch-rate="1" complexity="5">
      <classes>
        <class name="AutoGeneratedProgram" filename="C:\Users\Ersel\.nuget\packages\microsoft.net.test.sdk\16.5.0\build\netcoreapp2.1\Microsoft.NET.Test.Sdk.Program.cs" line-rate="0" branch-rate="1" complexity="1">
          <methods>
            <method name="Main" signature="(...)" line-rate="0" branch-rate="1" complexity="1">
              <lines>
                <line number="4" hits="0" branch="false" />
              </lines>
            </method>
          </methods>
          <lines>
            <line number="4" hits="0" branch="false" />
          </lines>
        </class>
        <class name="TestServices.TestBusinessService" filename="C:\Users\Ersel\Source\Repos\Unittest_Demo\TestServices\TestBusinessService.cs" line-rate="1" branch-rate="1" complexity="4">
          <methods>
            <method name="Setup" signature="()" line-rate="1" branch-rate="1" complexity="1">
              <lines>
                <line number="14" hits="2" branch="false" />
                <line number="15" hits="2" branch="false" />
                <line number="16" hits="2" branch="false" />
              </lines>
            </method>
            <method name="Test1" signature="()" line-rate="1" branch-rate="1" complexity="1">
              <lines>
                <line number="20" hits="1" branch="false" />
                <line number="21" hits="1" branch="false" />
                <line number="22" hits="1" branch="false" />
                <line number="23" hits="1" branch="false" />
                <line number="24" hits="1" branch="false" />
              </lines>
            </method>
            <method name="Test2" signature="()" line-rate="1" branch-rate="1" complexity="1">
              <lines>
                <line number="28" hits="1" branch="false" />
                <line number="29" hits="1" branch="false" />
                <line number="30" hits="1" branch="false" />
                <line number="31" hits="1" branch="false" />
                <line number="32" hits="1" branch="false" />
              </lines>
            </method>
            <method name=".ctor" signature="()" line-rate="1" branch-rate="1" complexity="1">
              <lines>
                <line number="10" hits="1" branch="false" />
              </lines>
            </method>
          </methods>
          <lines>
            <line number="10" hits="1" branch="false" />
            <line number="14" hits="2" branch="false" />
            <line number="15" hits="2" branch="false" />
            <line number="16" hits="2" branch="false" />
            <line number="20" hits="1" branch="false" />
            <line number="21" hits="1" branch="false" />
            <line number="22" hits="1" branch="false" />
            <line number="23" hits="1" branch="false" />
            <line number="24" hits="1" branch="false" />
            <line number="28" hits="1" branch="false" />
            <line number="29" hits="1" branch="false" />
            <line number="30" hits="1" branch="false" />
            <line number="31" hits="1" branch="false" />
            <line number="32" hits="1" branch="false" />
          </lines>
        </class>
      </classes>
    </package>
    <package name="TestWebApi" line-rate="0.9333333333333333" branch-rate="1" complexity="5">
      <classes>
        <class name="AutoGeneratedProgram" filename="C:\Users\Ersel\.nuget\packages\microsoft.net.test.sdk\16.5.0\build\netcoreapp2.1\Microsoft.NET.Test.Sdk.Program.cs" line-rate="0" branch-rate="1" complexity="1">
          <methods>
            <method name="Main" signature="(...)" line-rate="0" branch-rate="1" complexity="1">
              <lines>
                <line number="4" hits="0" branch="false" />
              </lines>
            </method>
          </methods>
          <lines>
            <line number="4" hits="0" branch="false" />
          </lines>
        </class>
        <class name="TestWebApi.TestHomeController" filename="C:\Users\Ersel\Source\Repos\Unittest_Demo\TestWebApi\TestHomeController.cs" line-rate="1" branch-rate="1" complexity="4">
          <methods>
            <method name="SetUp" signature="()" line-rate="1" branch-rate="1" complexity="1">
              <lines>
                <line number="14" hits="2" branch="false" />
                <line number="15" hits="2" branch="false" />
                <line number="16" hits="2" branch="false" />
              </lines>
            </method>
            <method name="Test1" signature="()" line-rate="1" branch-rate="1" complexity="1">
              <lines>
                <line number="20" hits="1" branch="false" />
                <line number="21" hits="1" branch="false" />
                <line number="22" hits="1" branch="false" />
                <line number="23" hits="1" branch="false" />
                <line number="24" hits="1" branch="false" />
              </lines>
            </method>
            <method name="Test2" signature="()" line-rate="1" branch-rate="1" complexity="1">
              <lines>
                <line number="28" hits="1" branch="false" />
                <line number="29" hits="1" branch="false" />
                <line number="30" hits="1" branch="false" />
                <line number="31" hits="1" branch="false" />
                <line number="32" hits="1" branch="false" />
              </lines>
            </method>
            <method name=".ctor" signature="()" line-rate="1" branch-rate="1" complexity="1">
              <lines>
                <line number="10" hits="1" branch="false" />
              </lines>
            </method>
          </methods>
          <lines>
            <line number="10" hits="1" branch="false" />
            <line number="14" hits="2" branch="false" />
            <line number="15" hits="2" branch="false" />
            <line number="16" hits="2" branch="false" />
            <line number="20" hits="1" branch="false" />
            <line number="21" hits="1" branch="false" />
            <line number="22" hits="1" branch="false" />
            <line number="23" hits="1" branch="false" />
            <line number="24" hits="1" branch="false" />
            <line number="28" hits="1" branch="false" />
            <line number="29" hits="1" branch="false" />
            <line number="30" hits="1" branch="false" />
            <line number="31" hits="1" branch="false" />
            <line number="32" hits="1" branch="false" />
          </lines>
        </class>
      </classes>
    </package>
    <package name="WebApi" line-rate="0.11666666666666667" branch-rate="0" complexity="16">
      <classes>
        <class name="WebApi.Controllers.HomeController" filename="C:\Users\Ersel\Source\Repos\Unittest_Demo\WebApi\Controllers\HomeController.cs" line-rate="1" branch-rate="1" complexity="2">
          <methods>
            <method name="Get" signature="()" line-rate="1" branch-rate="1" complexity="1">
              <lines>
                <line number="19" hits="2" branch="false" />
                <line number="20" hits="2" branch="false" />
                <line number="21" hits="2" branch="false" />
              </lines>
            </method>
            <method name=".ctor" signature="(...)" line-rate="1" branch-rate="1" complexity="1">
              <lines>
                <line number="12" hits="2" branch="false" />
                <line number="13" hits="2" branch="false" />
                <line number="14" hits="2" branch="false" />
                <line number="15" hits="2" branch="false" />
              </lines>
            </method>
          </methods>
          <lines>
            <line number="12" hits="2" branch="false" />
            <line number="13" hits="2" branch="false" />
            <line number="14" hits="2" branch="false" />
            <line number="15" hits="2" branch="false" />
            <line number="19" hits="2" branch="false" />
            <line number="20" hits="2" branch="false" />
            <line number="21" hits="2" branch="false" />
          </lines>
        </class>
        <class name="WebApi.Controllers.WeatherForecastController" filename="C:\Users\Ersel\Source\Repos\Unittest_Demo\WebApi\Controllers\WeatherForecastController.cs" line-rate="0" branch-rate="1" complexity="3">
          <methods>
            <method name="Get" signature="()" line-rate="0" branch-rate="1" complexity="1">
              <lines>
                <line number="28" hits="0" branch="false" />
                <line number="29" hits="0" branch="false" />
                <line number="30" hits="0" branch="false" />
                <line number="31" hits="0" branch="false" />
                <line number="32" hits="0" branch="false" />
                <line number="33" hits="0" branch="false" />
                <line number="34" hits="0" branch="false" />
                <line number="35" hits="0" branch="false" />
                <line number="36" hits="0" branch="false" />
                <line number="37" hits="0" branch="false" />
              </lines>
            </method>
            <method name=".ctor" signature="(...)" line-rate="0" branch-rate="1" complexity="1">
              <lines>
                <line number="21" hits="0" branch="false" />
                <line number="22" hits="0" branch="false" />
                <line number="23" hits="0" branch="false" />
                <line number="24" hits="0" branch="false" />
              </lines>
            </method>
            <method name=".cctor" signature="()" line-rate="0" branch-rate="1" complexity="1">
              <lines>
                <line number="14" hits="0" branch="false" />
                <line number="15" hits="0" branch="false" />
                <line number="16" hits="0" branch="false" />
                <line number="17" hits="0" branch="false" />
              </lines>
            </method>
          </methods>
          <lines>
            <line number="14" hits="0" branch="false" />
            <line number="15" hits="0" branch="false" />
            <line number="16" hits="0" branch="false" />
            <line number="17" hits="0" branch="false" />
            <line number="21" hits="0" branch="false" />
            <line number="22" hits="0" branch="false" />
            <line number="23" hits="0" branch="false" />
            <line number="24" hits="0" branch="false" />
            <line number="28" hits="0" branch="false" />
            <line number="29" hits="0" branch="false" />
            <line number="30" hits="0" branch="false" />
            <line number="31" hits="0" branch="false" />
            <line number="32" hits="0" branch="false" />
            <line number="33" hits="0" branch="false" />
            <line number="34" hits="0" branch="false" />
            <line number="35" hits="0" branch="false" />
            <line number="36" hits="0" branch="false" />
            <line number="37" hits="0" branch="false" />
          </lines>
        </class>
        <class name="WebApi.Program" filename="C:\Users\Ersel\Source\Repos\Unittest_Demo\WebApi\Program.cs" line-rate="0" branch-rate="1" complexity="2">
          <methods>
            <method name="Main" signature="(...)" line-rate="0" branch-rate="1" complexity="1">
              <lines>
                <line number="9" hits="0" branch="false" />
                <line number="10" hits="0" branch="false" />
                <line number="11" hits="0" branch="false" />
              </lines>
            </method>
            <method name="CreateHostBuilder" signature="(...)" line-rate="0" branch-rate="1" complexity="1">
              <lines>
                <line number="14" hits="0" branch="false" />
                <line number="15" hits="0" branch="false" />
                <line number="16" hits="0" branch="false" />
                <line number="17" hits="0" branch="false" />
                <line number="18" hits="0" branch="false" />
              </lines>
            </method>
          </methods>
          <lines>
            <line number="9" hits="0" branch="false" />
            <line number="10" hits="0" branch="false" />
            <line number="11" hits="0" branch="false" />
            <line number="14" hits="0" branch="false" />
            <line number="15" hits="0" branch="false" />
            <line number="16" hits="0" branch="false" />
            <line number="17" hits="0" branch="false" />
            <line number="18" hits="0" branch="false" />
          </lines>
        </class>
        <class name="WebApi.Startup" filename="C:\Users\Ersel\Source\Repos\Unittest_Demo\WebApi\Startup.cs" line-rate="0" branch-rate="0" complexity="5">
          <methods>
            <method name="get_Configuration" signature="()" line-rate="0" branch-rate="1" complexity="1">
              <lines>
                <line number="18" hits="0" branch="false" />
              </lines>
            </method>
            <method name="ConfigureServices" signature="(...)" line-rate="0" branch-rate="1" complexity="1">
              <lines>
                <line number="22" hits="0" branch="false" />
                <line number="23" hits="0" branch="false" />
                <line number="24" hits="0" branch="false" />
                <line number="25" hits="0" branch="false" />
                <line number="26" hits="0" branch="false" />
              </lines>
            </method>
            <method name="Configure" signature="(...)" line-rate="0" branch-rate="0" complexity="2">
              <lines>
                <line number="30" hits="0" branch="false" />
                <line number="31" hits="0" branch="true" condition-coverage="0% (0/2)" />
                <line number="32" hits="0" branch="false" />
                <line number="33" hits="0" branch="false" />
                <line number="34" hits="0" branch="false" />
                <line number="36" hits="0" branch="false" />
                <line number="38" hits="0" branch="false" />
                <line number="40" hits="0" branch="false" />
                <line number="42" hits="0" branch="false" />
                <line number="43" hits="0" branch="false" />
                <line number="44" hits="0" branch="false" />
                <line number="45" hits="0" branch="false" />
                <line number="46" hits="0" branch="false" />
              </lines>
            </method>
            <method name=".ctor" signature="(...)" line-rate="0" branch-rate="1" complexity="1">
              <lines>
                <line number="13" hits="0" branch="false" />
                <line number="14" hits="0" branch="false" />
                <line number="15" hits="0" branch="false" />
                <line number="16" hits="0" branch="false" />
              </lines>
            </method>
          </methods>
          <lines>
            <line number="13" hits="0" branch="false" />
            <line number="14" hits="0" branch="false" />
            <line number="15" hits="0" branch="false" />
            <line number="16" hits="0" branch="false" />
            <line number="18" hits="0" branch="false" />
            <line number="22" hits="0" branch="false" />
            <line number="23" hits="0" branch="false" />
            <line number="24" hits="0" branch="false" />
            <line number="25" hits="0" branch="false" />
            <line number="26" hits="0" branch="false" />
            <line number="30" hits="0" branch="false" />
            <line number="31" hits="0" branch="true" condition-coverage="0% (0/2)" />
            <line number="32" hits="0" branch="false" />
            <line number="33" hits="0" branch="false" />
            <line number="34" hits="0" branch="false" />
            <line number="36" hits="0" branch="false" />
            <line number="38" hits="0" branch="false" />
            <line number="40" hits="0" branch="false" />
            <line number="42" hits="0" branch="false" />
            <line number="43" hits="0" branch="false" />
            <line number="44" hits="0" branch="false" />
            <line number="45" hits="0" branch="false" />
            <line number="46" hits="0" branch="false" />
          </lines>
        </class>
        <class name="WebApi.WeatherForecast" filename="C:\Users\Ersel\Source\Repos\Unittest_Demo\WebApi\WeatherForecast.cs" line-rate="0" branch-rate="1" complexity="4">
          <methods>
            <method name="get_Date" signature="()" line-rate="0" branch-rate="1" complexity="1">
              <lines>
                <line number="7" hits="0" branch="false" />
              </lines>
            </method>
            <method name="get_TemperatureC" signature="()" line-rate="0" branch-rate="1" complexity="1">
              <lines>
                <line number="9" hits="0" branch="false" />
              </lines>
            </method>
            <method name="get_TemperatureF" signature="()" line-rate="0" branch-rate="1" complexity="1">
              <lines>
                <line number="11" hits="0" branch="false" />
              </lines>
            </method>
            <method name="get_Summary" signature="()" line-rate="0" branch-rate="1" complexity="1">
              <lines>
                <line number="13" hits="0" branch="false" />
              </lines>
            </method>
          </methods>
          <lines>
            <line number="7" hits="0" branch="false" />
            <line number="9" hits="0" branch="false" />
            <line number="11" hits="0" branch="false" />
            <line number="13" hits="0" branch="false" />
          </lines>
        </class>
      </classes>
    </package>
  </packages>
</coverage>