TpTrace Verbose: 0 : 42868, 1, 2022/04/14, 23:37:13.088, 28988279077874, vstest.console.dll, Version: 16.11.0
TpTrace Information: 0 : 42868, 1, 2022/04/14, 23:37:13.130, 28988279465986, vstest.console.dll, FilePatternParser: The given file C:\Users\Ersel\Source\Repos\Unittest_Demo\TestServices\bin\Debug\netcoreapp3.1\fine-code-coverage\build-output\TestServices.dll is a full path.
TpTrace Verbose: 0 : 42868, 1, 2022/04/14, 23:37:13.183, 28988280005059, vstest.console.dll, TestPluginCache.DiscoverTestExtensions: finding test extensions in assemblies ends with: RuntimeProvider.dll TPluginInfo: Microsoft.VisualStudio.TestPlatform.Common.ExtensionFramework.Utilities.TestRuntimePluginInformation TExtension: Microsoft.VisualStudio.TestPlatform.ObjectModel.Host.ITestRuntimeProvider
TpTrace Verbose: 0 : 42868, 1, 2022/04/14, 23:37:13.184, 28988280011878, vstest.console.dll, TestPluginCache.GetExtensionPaths: Filtered extension paths: 
TpTrace Verbose: 0 : 42868, 1, 2022/04/14, 23:37:13.185, 28988280015921, vstest.console.dll, TestPluginCache.GetExtensionPaths: Added default extension paths: C:\Program Files\dotnet\sdk\5.0.406\Extensions\Microsoft.Diagnostics.NETCore.Client.dll
C:\Program Files\dotnet\sdk\5.0.406\Extensions\Microsoft.TestPlatform.Extensions.BlameDataCollector.dll
C:\Program Files\dotnet\sdk\5.0.406\Extensions\Microsoft.TestPlatform.Extensions.EventLogCollector.dll
C:\Program Files\dotnet\sdk\5.0.406\Extensions\Microsoft.TestPlatform.TestHostRuntimeProvider.dll
C:\Program Files\dotnet\sdk\5.0.406\Extensions\Microsoft.VisualStudio.TestPlatform.Extensions.Html.TestLogger.dll
C:\Program Files\dotnet\sdk\5.0.406\Extensions\Microsoft.VisualStudio.TestPlatform.Extensions.Trx.TestLogger.dll
TpTrace Verbose: 0 : 42868, 1, 2022/04/14, 23:37:13.185, 28988280016756, vstest.console.dll, TestPluginCache.GetExtensionPaths: Added unfilterableExtensionPaths: 
TpTrace Information: 0 : 42868, 1, 2022/04/14, 23:37:13.186, 28988280029131, vstest.console.dll, AssemblyResolver.ctor: Creating AssemblyResolver with searchDirectories C:\Program Files\dotnet\sdk\5.0.406\Extensions,C:\Program Files\dotnet\sdk\5.0.406
TpTrace Verbose: 0 : 42868, 1, 2022/04/14, 23:37:13.188, 28988280047618, vstest.console.dll, TestPluginCache.DiscoverTestExtensions: Discovering the extensions using extension path.
TpTrace Verbose: 0 : 42868, 1, 2022/04/14, 23:37:13.188, 28988280049830, vstest.console.dll, TestPluginCache.GetExtensionPaths: Filtered extension paths: 
TpTrace Verbose: 0 : 42868, 1, 2022/04/14, 23:37:13.188, 28988280050721, vstest.console.dll, TestPluginCache.GetExtensionPaths: Added default extension paths: C:\Program Files\dotnet\sdk\5.0.406\Extensions\Microsoft.Diagnostics.NETCore.Client.dll
C:\Program Files\dotnet\sdk\5.0.406\Extensions\Microsoft.TestPlatform.Extensions.BlameDataCollector.dll
C:\Program Files\dotnet\sdk\5.0.406\Extensions\Microsoft.TestPlatform.Extensions.EventLogCollector.dll
C:\Program Files\dotnet\sdk\5.0.406\Extensions\Microsoft.TestPlatform.TestHostRuntimeProvider.dll
C:\Program Files\dotnet\sdk\5.0.406\Extensions\Microsoft.VisualStudio.TestPlatform.Extensions.Html.TestLogger.dll
C:\Program Files\dotnet\sdk\5.0.406\Extensions\Microsoft.VisualStudio.TestPlatform.Extensions.Trx.TestLogger.dll
TpTrace Verbose: 0 : 42868, 1, 2022/04/14, 23:37:13.188, 28988280051343, vstest.console.dll, TestPluginCache.GetExtensionPaths: Added unfilterableExtensionPaths: 
TpTrace Verbose: 0 : 42868, 1, 2022/04/14, 23:37:13.188, 28988280052596, vstest.console.dll, TestPluginCache.DiscoverTestExtensions: Discovering the extensions using allExtensionPaths: C:\Program Files\dotnet\sdk\5.0.406\Extensions\Microsoft.Diagnostics.NETCore.Client.dll
C:\Program Files\dotnet\sdk\5.0.406\Extensions\Microsoft.TestPlatform.Extensions.BlameDataCollector.dll
C:\Program Files\dotnet\sdk\5.0.406\Extensions\Microsoft.TestPlatform.Extensions.EventLogCollector.dll
C:\Program Files\dotnet\sdk\5.0.406\Extensions\Microsoft.TestPlatform.TestHostRuntimeProvider.dll
C:\Program Files\dotnet\sdk\5.0.406\Extensions\Microsoft.VisualStudio.TestPlatform.Extensions.Html.TestLogger.dll
C:\Program Files\dotnet\sdk\5.0.406\Extensions\Microsoft.VisualStudio.TestPlatform.Extensions.Trx.TestLogger.dll
TpTrace Information: 0 : 42868, 1, 2022/04/14, 23:37:13.189, 28988280056390, vstest.console.dll, AssemblyResolver.AddSearchDirectories: Adding more searchDirectories C:\Program Files\dotnet\sdk\5.0.406\Extensions,C:\Program Files\dotnet\sdk\5.0.406
TpTrace Information: 0 : 42868, 1, 2022/04/14, 23:37:13.189, 28988280057640, vstest.console.dll, AssemblyResolver.AddSearchDirectories: Adding more searchDirectories C:\Program Files\dotnet\sdk\5.0.406\Extensions,C:\Program Files\dotnet\sdk\5.0.406
TpTrace Information: 0 : 42868, 1, 2022/04/14, 23:37:13.189, 28988280058371, vstest.console.dll, AssemblyResolver.AddSearchDirectories: Adding more searchDirectories C:\Program Files\dotnet\sdk\5.0.406\Extensions,C:\Program Files\dotnet\sdk\5.0.406
TpTrace Information: 0 : 42868, 1, 2022/04/14, 23:37:13.189, 28988280058950, vstest.console.dll, AssemblyResolver.AddSearchDirectories: Adding more searchDirectories C:\Program Files\dotnet\sdk\5.0.406\Extensions,C:\Program Files\dotnet\sdk\5.0.406
TpTrace Information: 0 : 42868, 1, 2022/04/14, 23:37:13.189, 28988280059499, vstest.console.dll, AssemblyResolver.AddSearchDirectories: Adding more searchDirectories C:\Program Files\dotnet\sdk\5.0.406\Extensions,C:\Program Files\dotnet\sdk\5.0.406
TpTrace Information: 0 : 42868, 1, 2022/04/14, 23:37:13.189, 28988280060142, vstest.console.dll, AssemblyResolver.AddSearchDirectories: Adding more searchDirectories C:\Program Files\dotnet\sdk\5.0.406\Extensions,C:\Program Files\dotnet\sdk\5.0.406
TpTrace Information: 0 : 42868, 1, 2022/04/14, 23:37:13.190, 28988280070031, vstest.console.dll, AssemblyResolver.OnResolve: Microsoft.Diagnostics.NETCore.Client: Resolving assembly.
TpTrace Information: 0 : 42868, 1, 2022/04/14, 23:37:13.190, 28988280071599, vstest.console.dll, AssemblyResolver.OnResolve: Microsoft.Diagnostics.NETCore.Client: Searching in: 'C:\Program Files\dotnet\sdk\5.0.406\Extensions'.
TpTrace Information: 0 : 42868, 1, 2022/04/14, 23:37:13.207, 28988280238523, vstest.console.dll, AssemblyResolver.OnResolve: Microsoft.Diagnostics.NETCore.Client: Loading assembly 'C:\Program Files\dotnet\sdk\5.0.406\Extensions\Microsoft.Diagnostics.NETCore.Client.dll'.
TpTrace Information: 0 : 42868, 1, 2022/04/14, 23:37:13.209, 28988280261938, vstest.console.dll, AssemblyResolver.OnResolve: Resolved assembly: Microsoft.Diagnostics.NETCore.Client, from path: C:\Program Files\dotnet\sdk\5.0.406\Extensions\Microsoft.Diagnostics.NETCore.Client.dll
TpTrace Information: 0 : 42868, 1, 2022/04/14, 23:37:13.217, 28988280341910, vstest.console.dll, AssemblyResolver.OnResolve: Microsoft.Bcl.AsyncInterfaces: Resolving assembly.
TpTrace Information: 0 : 42868, 1, 2022/04/14, 23:37:13.217, 28988280343541, vstest.console.dll, AssemblyResolver.OnResolve: Microsoft.Bcl.AsyncInterfaces: Searching in: 'C:\Program Files\dotnet\sdk\5.0.406\Extensions'.
TpTrace Information: 0 : 42868, 1, 2022/04/14, 23:37:13.217, 28988280345093, vstest.console.dll, AssemblyResolver.OnResolve: Microsoft.Bcl.AsyncInterfaces: Assembly path does not exist: 'C:\Program Files\dotnet\sdk\5.0.406\Extensions\Microsoft.Bcl.AsyncInterfaces.dll', returning.
TpTrace Information: 0 : 42868, 1, 2022/04/14, 23:37:13.218, 28988280346224, vstest.console.dll, AssemblyResolver.OnResolve: Microsoft.Bcl.AsyncInterfaces: Assembly path does not exist: 'C:\Program Files\dotnet\sdk\5.0.406\Extensions\Microsoft.Bcl.AsyncInterfaces.exe', returning.
TpTrace Information: 0 : 42868, 1, 2022/04/14, 23:37:13.218, 28988280346961, vstest.console.dll, AssemblyResolver.OnResolve: Microsoft.Bcl.AsyncInterfaces: Searching in: 'C:\Program Files\dotnet\sdk\5.0.406'.
TpTrace Information: 0 : 42868, 1, 2022/04/14, 23:37:13.218, 28988280348085, vstest.console.dll, AssemblyResolver.OnResolve: Microsoft.Bcl.AsyncInterfaces: Assembly path does not exist: 'C:\Program Files\dotnet\sdk\5.0.406\Microsoft.Bcl.AsyncInterfaces.dll', returning.
TpTrace Information: 0 : 42868, 1, 2022/04/14, 23:37:13.218, 28988280349143, vstest.console.dll, AssemblyResolver.OnResolve: Microsoft.Bcl.AsyncInterfaces: Assembly path does not exist: 'C:\Program Files\dotnet\sdk\5.0.406\Microsoft.Bcl.AsyncInterfaces.exe', returning.
TpTrace Information: 0 : 42868, 1, 2022/04/14, 23:37:13.218, 28988280350347, vstest.console.dll, AssemblyResolver.OnResolve: Microsoft.Bcl.AsyncInterfaces: Failed to load assembly.
TpTrace Verbose: 0 : 42868, 1, 2022/04/14, 23:37:13.218, 28988280351182, vstest.console.dll, CurrentDomainAssemblyResolve: Resolving assembly 'Microsoft.Bcl.AsyncInterfaces'.
TpTrace Information: 0 : 42868, 1, 2022/04/14, 23:37:13.218, 28988280352563, vstest.console.dll, AssemblyResolver.OnResolve: Microsoft.Bcl.AsyncInterfaces: Resolving assembly.
TpTrace Information: 0 : 42868, 1, 2022/04/14, 23:37:13.218, 28988280353317, vstest.console.dll, AssemblyResolver.OnResolve: Microsoft.Bcl.AsyncInterfaces: Resolved from cache.
TpTrace Verbose: 0 : 42868, 1, 2022/04/14, 23:37:13.218, 28988280353907, vstest.console.dll, CurrentDomainAssemblyResolve: Resolving assembly 'Microsoft.Bcl.AsyncInterfaces'.
TpTrace Verbose: 0 : 42868, 1, 2022/04/14, 23:37:13.218, 28988280354572, vstest.console.dll, CurrentDomainAssemblyResolve: Failed to resolve assembly 'Microsoft.Bcl.AsyncInterfaces'.
TpTrace Verbose: 0 : 42868, 1, 2022/04/14, 23:37:13.227, 28988280438921, vstest.console.dll, CurrentDomainAssemblyResolve: Failed to resolve assembly 'Microsoft.Bcl.AsyncInterfaces'.
TpTrace Warning: 0 : 42868, 1, 2022/04/14, 23:37:13.290, 28988281075456, vstest.console.dll, TestPluginDiscoverer: Failed to get types from assembly 'Microsoft.Diagnostics.NETCore.Client, Version=0.2.2.41902, Culture=neutral, PublicKeyToken=31bf3856ad364e35'.  Skipping test extension scan for this assembly.  Error: System.Reflection.ReflectionTypeLoadException: Unable to load one or more of the requested types.
Could not load file or assembly 'Microsoft.Bcl.AsyncInterfaces, Version=1.0.0.0, Culture=neutral, PublicKeyToken=cc7b13ffcd2ddd51'. The system cannot find the file specified.
   at System.Reflection.RuntimeModule.GetTypes(RuntimeModule module)
   at System.Reflection.RuntimeModule.GetTypes()
   at System.Reflection.Assembly.GetTypes()
   at Microsoft.VisualStudio.TestPlatform.Common.ExtensionFramework.TestPluginDiscoverer.GetTestExtensionsFromAssembly[TPluginInfo,TExtension](Assembly assembly, Dictionary`2 pluginInfos)
System.IO.FileNotFoundException: Could not load file or assembly 'Microsoft.Bcl.AsyncInterfaces, Version=1.0.0.0, Culture=neutral, PublicKeyToken=cc7b13ffcd2ddd51'. The system cannot find the file specified.
File name: 'Microsoft.Bcl.AsyncInterfaces, Version=1.0.0.0, Culture=neutral, PublicKeyToken=cc7b13ffcd2ddd51'
TpTrace Warning: 0 : 42868, 1, 2022/04/14, 23:37:13.291, 28988281077456, vstest.console.dll, LoaderExceptions: System.IO.FileNotFoundException: Could not load file or assembly 'Microsoft.Bcl.AsyncInterfaces, Version=1.0.0.0, Culture=neutral, PublicKeyToken=cc7b13ffcd2ddd51'. The system cannot find the file specified.
File name: 'Microsoft.Bcl.AsyncInterfaces, Version=1.0.0.0, Culture=neutral, PublicKeyToken=cc7b13ffcd2ddd51'
TpTrace Information: 0 : 42868, 1, 2022/04/14, 23:37:13.291, 28988281079382, vstest.console.dll, AssemblyResolver.OnResolve: Microsoft.TestPlatform.Extensions.BlameDataCollector: Resolving assembly.
TpTrace Information: 0 : 42868, 1, 2022/04/14, 23:37:13.291, 28988281080138, vstest.console.dll, AssemblyResolver.OnResolve: Microsoft.TestPlatform.Extensions.BlameDataCollector: Searching in: 'C:\Program Files\dotnet\sdk\5.0.406\Extensions'.
TpTrace Information: 0 : 42868, 1, 2022/04/14, 23:37:13.310, 28988281273129, vstest.console.dll, AssemblyResolver.OnResolve: Microsoft.TestPlatform.Extensions.BlameDataCollector: Loading assembly 'C:\Program Files\dotnet\sdk\5.0.406\Extensions\Microsoft.TestPlatform.Extensions.BlameDataCollector.dll'.
TpTrace Information: 0 : 42868, 1, 2022/04/14, 23:37:13.312, 28988281285965, vstest.console.dll, AssemblyResolver.OnResolve: Resolved assembly: Microsoft.TestPlatform.Extensions.BlameDataCollector, from path: C:\Program Files\dotnet\sdk\5.0.406\Extensions\Microsoft.TestPlatform.Extensions.BlameDataCollector.dll
TpTrace Information: 0 : 42868, 1, 2022/04/14, 23:37:13.313, 28988281299679, vstest.console.dll, AssemblyResolver.OnResolve: Microsoft.TestPlatform.Extensions.EventLogCollector: Resolving assembly.
TpTrace Information: 0 : 42868, 1, 2022/04/14, 23:37:13.313, 28988281301093, vstest.console.dll, AssemblyResolver.OnResolve: Microsoft.TestPlatform.Extensions.EventLogCollector: Searching in: 'C:\Program Files\dotnet\sdk\5.0.406\Extensions'.
TpTrace Information: 0 : 42868, 1, 2022/04/14, 23:37:13.327, 28988281440886, vstest.console.dll, AssemblyResolver.OnResolve: Microsoft.TestPlatform.Extensions.EventLogCollector: Loading assembly 'C:\Program Files\dotnet\sdk\5.0.406\Extensions\Microsoft.TestPlatform.Extensions.EventLogCollector.dll'.
TpTrace Information: 0 : 42868, 1, 2022/04/14, 23:37:13.328, 28988281451248, vstest.console.dll, AssemblyResolver.OnResolve: Resolved assembly: Microsoft.TestPlatform.Extensions.EventLogCollector, from path: C:\Program Files\dotnet\sdk\5.0.406\Extensions\Microsoft.TestPlatform.Extensions.EventLogCollector.dll
TpTrace Information: 0 : 42868, 1, 2022/04/14, 23:37:13.360, 28988281770120, vstest.console.dll, AssemblyResolver.OnResolve: Microsoft.TestPlatform.TestHostRuntimeProvider: Resolving assembly.
TpTrace Information: 0 : 42868, 1, 2022/04/14, 23:37:13.360, 28988281771952, vstest.console.dll, AssemblyResolver.OnResolve: Microsoft.TestPlatform.TestHostRuntimeProvider: Searching in: 'C:\Program Files\dotnet\sdk\5.0.406\Extensions'.
TpTrace Information: 0 : 42868, 1, 2022/04/14, 23:37:13.374, 28988281910931, vstest.console.dll, AssemblyResolver.OnResolve: Microsoft.TestPlatform.TestHostRuntimeProvider: Loading assembly 'C:\Program Files\dotnet\sdk\5.0.406\Extensions\Microsoft.TestPlatform.TestHostRuntimeProvider.dll'.
TpTrace Information: 0 : 42868, 1, 2022/04/14, 23:37:13.375, 28988281923677, vstest.console.dll, AssemblyResolver.OnResolve: Resolved assembly: Microsoft.TestPlatform.TestHostRuntimeProvider, from path: C:\Program Files\dotnet\sdk\5.0.406\Extensions\Microsoft.TestPlatform.TestHostRuntimeProvider.dll
TpTrace Information: 0 : 42868, 1, 2022/04/14, 23:37:13.378, 28988281945777, vstest.console.dll, AssemblyResolver.OnResolve: Microsoft.VisualStudio.TestPlatform.Extensions.Html.TestLogger: Resolving assembly.
TpTrace Information: 0 : 42868, 1, 2022/04/14, 23:37:13.378, 28988281947249, vstest.console.dll, AssemblyResolver.OnResolve: Microsoft.VisualStudio.TestPlatform.Extensions.Html.TestLogger: Searching in: 'C:\Program Files\dotnet\sdk\5.0.406\Extensions'.
TpTrace Information: 0 : 42868, 1, 2022/04/14, 23:37:13.394, 28988282112094, vstest.console.dll, AssemblyResolver.OnResolve: Microsoft.VisualStudio.TestPlatform.Extensions.Html.TestLogger: Loading assembly 'C:\Program Files\dotnet\sdk\5.0.406\Extensions\Microsoft.VisualStudio.TestPlatform.Extensions.Html.TestLogger.dll'.
TpTrace Information: 0 : 42868, 1, 2022/04/14, 23:37:13.396, 28988282127324, vstest.console.dll, AssemblyResolver.OnResolve: Resolved assembly: Microsoft.VisualStudio.TestPlatform.Extensions.Html.TestLogger, from path: C:\Program Files\dotnet\sdk\5.0.406\Extensions\Microsoft.VisualStudio.TestPlatform.Extensions.Html.TestLogger.dll
TpTrace Information: 0 : 42868, 1, 2022/04/14, 23:37:13.396, 28988282134948, vstest.console.dll, AssemblyResolver.OnResolve: Microsoft.VisualStudio.TestPlatform.Extensions.Trx.TestLogger: Resolving assembly.
TpTrace Information: 0 : 42868, 1, 2022/04/14, 23:37:13.397, 28988282136344, vstest.console.dll, AssemblyResolver.OnResolve: Microsoft.VisualStudio.TestPlatform.Extensions.Trx.TestLogger: Searching in: 'C:\Program Files\dotnet\sdk\5.0.406\Extensions'.
TpTrace Information: 0 : 42868, 1, 2022/04/14, 23:37:13.417, 28988282340785, vstest.console.dll, AssemblyResolver.OnResolve: Microsoft.VisualStudio.TestPlatform.Extensions.Trx.TestLogger: Loading assembly 'C:\Program Files\dotnet\sdk\5.0.406\Extensions\Microsoft.VisualStudio.TestPlatform.Extensions.Trx.TestLogger.dll'.
TpTrace Information: 0 : 42868, 1, 2022/04/14, 23:37:13.419, 28988282360093, vstest.console.dll, AssemblyResolver.OnResolve: Resolved assembly: Microsoft.VisualStudio.TestPlatform.Extensions.Trx.TestLogger, from path: C:\Program Files\dotnet\sdk\5.0.406\Extensions\Microsoft.VisualStudio.TestPlatform.Extensions.Trx.TestLogger.dll
TpTrace Verbose: 0 : 42868, 1, 2022/04/14, 23:37:13.420, 28988282371023, vstest.console.dll, TestPluginCache: Discovered the extensions using extension path ''.
TpTrace Verbose: 0 : 42868, 1, 2022/04/14, 23:37:13.420, 28988282372534, vstest.console.dll, TestPluginCache: Discoverers are ''.
TpTrace Verbose: 0 : 42868, 1, 2022/04/14, 23:37:13.420, 28988282373750, vstest.console.dll, TestPluginCache: Executors are ''.
TpTrace Verbose: 0 : 42868, 1, 2022/04/14, 23:37:13.420, 28988282374574, vstest.console.dll, TestPluginCache: Executors2 are ''.
TpTrace Verbose: 0 : 42868, 1, 2022/04/14, 23:37:13.420, 28988282375343, vstest.console.dll, TestPluginCache: Setting providers are ''.
TpTrace Verbose: 0 : 42868, 1, 2022/04/14, 23:37:13.421, 28988282376131, vstest.console.dll, TestPluginCache: Loggers are ''.
TpTrace Information: 0 : 42868, 1, 2022/04/14, 23:37:13.432, 28988282494638, vstest.console.dll, RunTestsArgumentProcessor:Execute: Test run is starting.
TpTrace Verbose: 0 : 42868, 1, 2022/04/14, 23:37:13.433, 28988282497569, vstest.console.dll, RunTestsArgumentProcessor:Execute: Queuing Test run.
TpTrace Information: 0 : 42868, 1, 2022/04/14, 23:37:13.433, 28988282502186, vstest.console.dll, TestRequestManager.RunTests: run tests started.
TpTrace Information: 0 : 42868, 1, 2022/04/14, 23:37:13.461, 28988282778943, vstest.console.dll, AssemblyMetadataProvider.GetFrameWork: Determined framework:'.NETCoreApp,Version=v3.1' for source: 'C:\Users\Ersel\Source\Repos\Unittest_Demo\TestServices\bin\Debug\netcoreapp3.1\fine-code-coverage\build-output\TestServices.dll'
TpTrace Information: 0 : 42868, 1, 2022/04/14, 23:37:13.461, 28988282781792, vstest.console.dll, Determined framework for all sources: .NETCoreApp,Version=v3.1
TpTrace Information: 0 : 42868, 1, 2022/04/14, 23:37:13.462, 28988282793243, vstest.console.dll, AssemblyMetadataProvider.GetArchitecture: Determined architecture:AnyCPU info for assembly: C:\Users\Ersel\Source\Repos\Unittest_Demo\TestServices\bin\Debug\netcoreapp3.1\fine-code-coverage\build-output\TestServices.dll
TpTrace Information: 0 : 42868, 1, 2022/04/14, 23:37:13.467, 28988282845124, vstest.console.dll, Determined platform for all sources: X64
TpTrace Information: 0 : 42868, 1, 2022/04/14, 23:37:13.473, 28988282905091, vstest.console.dll, Compatible sources list : 
TpTrace Information: 0 : 42868, 1, 2022/04/14, 23:37:13.474, 28988282906961, vstest.console.dll, C:\Users\Ersel\Source\Repos\Unittest_Demo\TestServices\bin\Debug\netcoreapp3.1\fine-code-coverage\build-output\TestServices.dll
TpTrace Information: 0 : 42868, 1, 2022/04/14, 23:37:13.481, 28988282983075, vstest.console.dll, InferRunSettingsHelper.IsTestSettingsEnabled: Unable to navigate to RunSettings/MSTest. Current node: RunSettings
TpTrace Information: 0 : 42868, 1, 2022/04/14, 23:37:13.482, 28988282995089, vstest.console.dll, AssemblyResolver.OnResolve: Microsoft.VisualStudio.TestPlatform.Fakes: Resolving assembly.
TpTrace Information: 0 : 42868, 1, 2022/04/14, 23:37:13.483, 28988282996556, vstest.console.dll, AssemblyResolver.OnResolve: Microsoft.VisualStudio.TestPlatform.Fakes: Searching in: 'C:\Program Files\dotnet\sdk\5.0.406\Extensions'.
TpTrace Information: 0 : 42868, 1, 2022/04/14, 23:37:13.483, 28988282998226, vstest.console.dll, AssemblyResolver.OnResolve: Microsoft.VisualStudio.TestPlatform.Fakes: Assembly path does not exist: 'C:\Program Files\dotnet\sdk\5.0.406\Extensions\Microsoft.VisualStudio.TestPlatform.Fakes.dll', returning.
TpTrace Information: 0 : 42868, 1, 2022/04/14, 23:37:13.483, 28988282999550, vstest.console.dll, AssemblyResolver.OnResolve: Microsoft.VisualStudio.TestPlatform.Fakes: Assembly path does not exist: 'C:\Program Files\dotnet\sdk\5.0.406\Extensions\Microsoft.VisualStudio.TestPlatform.Fakes.exe', returning.
TpTrace Information: 0 : 42868, 1, 2022/04/14, 23:37:13.483, 28988283000871, vstest.console.dll, AssemblyResolver.OnResolve: Microsoft.VisualStudio.TestPlatform.Fakes: Searching in: 'C:\Program Files\dotnet\sdk\5.0.406'.
TpTrace Information: 0 : 42868, 1, 2022/04/14, 23:37:13.483, 28988283002190, vstest.console.dll, AssemblyResolver.OnResolve: Microsoft.VisualStudio.TestPlatform.Fakes: Assembly path does not exist: 'C:\Program Files\dotnet\sdk\5.0.406\Microsoft.VisualStudio.TestPlatform.Fakes.dll', returning.
TpTrace Information: 0 : 42868, 1, 2022/04/14, 23:37:13.483, 28988283005223, vstest.console.dll, AssemblyResolver.OnResolve: Microsoft.VisualStudio.TestPlatform.Fakes: Assembly path does not exist: 'C:\Program Files\dotnet\sdk\5.0.406\Microsoft.VisualStudio.TestPlatform.Fakes.exe', returning.
TpTrace Information: 0 : 42868, 1, 2022/04/14, 23:37:13.484, 28988283006606, vstest.console.dll, AssemblyResolver.OnResolve: Microsoft.VisualStudio.TestPlatform.Fakes: Failed to load assembly.
TpTrace Information: 0 : 42868, 1, 2022/04/14, 23:37:13.485, 28988283025679, vstest.console.dll, Failed to create newly implemented Fakes Configurator. Reason:System.IO.FileNotFoundException: Could not load file or assembly 'Microsoft.VisualStudio.TestPlatform.Fakes, Version=16.0.0.0, Culture=neutral, PublicKeyToken=null'. The system cannot find the file specified.
File name: 'Microsoft.VisualStudio.TestPlatform.Fakes, Version=16.0.0.0, Culture=neutral, PublicKeyToken=null'
   at System.Reflection.RuntimeAssembly.InternalLoad(ObjectHandleOnStack assemblyName, ObjectHandleOnStack requestingAssembly, StackCrawlMarkHandle stackMark, Boolean throwOnFileNotFound, ObjectHandleOnStack assemblyLoadContext, ObjectHandleOnStack retAssembly)
   at System.Reflection.RuntimeAssembly.InternalLoad(AssemblyName assemblyName, RuntimeAssembly requestingAssembly, StackCrawlMark& stackMark, Boolean throwOnFileNotFound, AssemblyLoadContext assemblyLoadContext)
   at System.Reflection.Assembly.Load(AssemblyName assemblyRef)
   at Microsoft.VisualStudio.TestPlatform.Common.Utilities.FakesUtilities.TryGetFakesCrossPlatformDataCollectorConfigurator() 
TpTrace Verbose: 0 : 42868, 1, 2022/04/14, 23:37:13.495, 28988283115944, vstest.console.dll, TestPluginCache.DiscoverTestExtensions: finding test extensions in assemblies ends with: TestLogger.dll TPluginInfo: Microsoft.VisualStudio.TestPlatform.Common.ExtensionFramework.Utilities.TestLoggerPluginInformation TExtension: Microsoft.VisualStudio.TestPlatform.ObjectModel.Client.ITestLogger
TpTrace Verbose: 0 : 42868, 1, 2022/04/14, 23:37:13.495, 28988283118017, vstest.console.dll, TestPluginCache.GetExtensionPaths: Filtered extension paths: 
TpTrace Verbose: 0 : 42868, 1, 2022/04/14, 23:37:13.495, 28988283119049, vstest.console.dll, TestPluginCache.GetExtensionPaths: Added default extension paths: C:\Program Files\dotnet\sdk\5.0.406\Extensions\Microsoft.Diagnostics.NETCore.Client.dll
C:\Program Files\dotnet\sdk\5.0.406\Extensions\Microsoft.TestPlatform.Extensions.BlameDataCollector.dll
C:\Program Files\dotnet\sdk\5.0.406\Extensions\Microsoft.TestPlatform.Extensions.EventLogCollector.dll
C:\Program Files\dotnet\sdk\5.0.406\Extensions\Microsoft.TestPlatform.TestHostRuntimeProvider.dll
C:\Program Files\dotnet\sdk\5.0.406\Extensions\Microsoft.VisualStudio.TestPlatform.Extensions.Html.TestLogger.dll
C:\Program Files\dotnet\sdk\5.0.406\Extensions\Microsoft.VisualStudio.TestPlatform.Extensions.Trx.TestLogger.dll
TpTrace Verbose: 0 : 42868, 1, 2022/04/14, 23:37:13.495, 28988283120090, vstest.console.dll, TestPluginCache.GetExtensionPaths: Added unfilterableExtensionPaths: 
TpTrace Information: 0 : 42868, 1, 2022/04/14, 23:37:13.495, 28988283123524, vstest.console.dll, AssemblyResolver.AddSearchDirectories: Adding more searchDirectories C:\Program Files\dotnet\sdk\5.0.406\Extensions,C:\Program Files\dotnet\sdk\5.0.406
TpTrace Verbose: 0 : 42868, 1, 2022/04/14, 23:37:13.495, 28988283124950, vstest.console.dll, TestPluginCache.DiscoverTestExtensions: Discovering the extensions using extension path.
TpTrace Verbose: 0 : 42868, 1, 2022/04/14, 23:37:13.496, 28988283127230, vstest.console.dll, TestPluginCache.GetExtensionPaths: Filtered extension paths: 
TpTrace Verbose: 0 : 42868, 1, 2022/04/14, 23:37:13.496, 28988283128291, vstest.console.dll, TestPluginCache.GetExtensionPaths: Added default extension paths: C:\Program Files\dotnet\sdk\5.0.406\Extensions\Microsoft.Diagnostics.NETCore.Client.dll
C:\Program Files\dotnet\sdk\5.0.406\Extensions\Microsoft.TestPlatform.Extensions.BlameDataCollector.dll
C:\Program Files\dotnet\sdk\5.0.406\Extensions\Microsoft.TestPlatform.Extensions.EventLogCollector.dll
C:\Program Files\dotnet\sdk\5.0.406\Extensions\Microsoft.TestPlatform.TestHostRuntimeProvider.dll
C:\Program Files\dotnet\sdk\5.0.406\Extensions\Microsoft.VisualStudio.TestPlatform.Extensions.Html.TestLogger.dll
C:\Program Files\dotnet\sdk\5.0.406\Extensions\Microsoft.VisualStudio.TestPlatform.Extensions.Trx.TestLogger.dll
TpTrace Verbose: 0 : 42868, 1, 2022/04/14, 23:37:13.496, 28988283129310, vstest.console.dll, TestPluginCache.GetExtensionPaths: Added unfilterableExtensionPaths: 
TpTrace Verbose: 0 : 42868, 1, 2022/04/14, 23:37:13.496, 28988283130174, vstest.console.dll, TestPluginCache.DiscoverTestExtensions: Discovering the extensions using allExtensionPaths: C:\Program Files\dotnet\sdk\5.0.406\Extensions\Microsoft.Diagnostics.NETCore.Client.dll
C:\Program Files\dotnet\sdk\5.0.406\Extensions\Microsoft.TestPlatform.Extensions.BlameDataCollector.dll
C:\Program Files\dotnet\sdk\5.0.406\Extensions\Microsoft.TestPlatform.Extensions.EventLogCollector.dll
C:\Program Files\dotnet\sdk\5.0.406\Extensions\Microsoft.TestPlatform.TestHostRuntimeProvider.dll
C:\Program Files\dotnet\sdk\5.0.406\Extensions\Microsoft.VisualStudio.TestPlatform.Extensions.Html.TestLogger.dll
C:\Program Files\dotnet\sdk\5.0.406\Extensions\Microsoft.VisualStudio.TestPlatform.Extensions.Trx.TestLogger.dll
TpTrace Information: 0 : 42868, 1, 2022/04/14, 23:37:13.496, 28988283131491, vstest.console.dll, AssemblyResolver.AddSearchDirectories: Adding more searchDirectories C:\Program Files\dotnet\sdk\5.0.406\Extensions,C:\Program Files\dotnet\sdk\5.0.406
TpTrace Information: 0 : 42868, 1, 2022/04/14, 23:37:13.496, 28988283132299, vstest.console.dll, AssemblyResolver.AddSearchDirectories: Adding more searchDirectories C:\Program Files\dotnet\sdk\5.0.406\Extensions,C:\Program Files\dotnet\sdk\5.0.406
TpTrace Information: 0 : 42868, 1, 2022/04/14, 23:37:13.496, 28988283133015, vstest.console.dll, AssemblyResolver.AddSearchDirectories: Adding more searchDirectories C:\Program Files\dotnet\sdk\5.0.406\Extensions,C:\Program Files\dotnet\sdk\5.0.406
TpTrace Information: 0 : 42868, 1, 2022/04/14, 23:37:13.496, 28988283133664, vstest.console.dll, AssemblyResolver.AddSearchDirectories: Adding more searchDirectories C:\Program Files\dotnet\sdk\5.0.406\Extensions,C:\Program Files\dotnet\sdk\5.0.406
TpTrace Information: 0 : 42868, 1, 2022/04/14, 23:37:13.496, 28988283134205, vstest.console.dll, AssemblyResolver.AddSearchDirectories: Adding more searchDirectories C:\Program Files\dotnet\sdk\5.0.406\Extensions,C:\Program Files\dotnet\sdk\5.0.406
TpTrace Information: 0 : 42868, 1, 2022/04/14, 23:37:13.496, 28988283134735, vstest.console.dll, AssemblyResolver.AddSearchDirectories: Adding more searchDirectories C:\Program Files\dotnet\sdk\5.0.406\Extensions,C:\Program Files\dotnet\sdk\5.0.406
TpTrace Information: 0 : 42868, 1, 2022/04/14, 23:37:13.497, 28988283139676, vstest.console.dll, AssemblyResolver.OnResolve: Microsoft.Bcl.AsyncInterfaces: Resolving assembly.
TpTrace Information: 0 : 42868, 1, 2022/04/14, 23:37:13.497, 28988283140725, vstest.console.dll, AssemblyResolver.OnResolve: Microsoft.Bcl.AsyncInterfaces: Resolved from cache.
TpTrace Verbose: 0 : 42868, 1, 2022/04/14, 23:37:13.497, 28988283141428, vstest.console.dll, CurrentDomainAssemblyResolve: Resolving assembly 'Microsoft.Bcl.AsyncInterfaces'.
TpTrace Information: 0 : 42868, 1, 2022/04/14, 23:37:13.497, 28988283144087, vstest.console.dll, AssemblyResolver.OnResolve: Microsoft.Bcl.AsyncInterfaces: Resolving assembly.
TpTrace Information: 0 : 42868, 1, 2022/04/14, 23:37:13.497, 28988283145621, vstest.console.dll, AssemblyResolver.OnResolve: Microsoft.Bcl.AsyncInterfaces: Resolved from cache.
TpTrace Verbose: 0 : 42868, 1, 2022/04/14, 23:37:13.498, 28988283146994, vstest.console.dll, CurrentDomainAssemblyResolve: Resolving assembly 'Microsoft.Bcl.AsyncInterfaces'.
TpTrace Verbose: 0 : 42868, 1, 2022/04/14, 23:37:13.498, 28988283147936, vstest.console.dll, CurrentDomainAssemblyResolve: Failed to resolve assembly 'Microsoft.Bcl.AsyncInterfaces'.
TpTrace Verbose: 0 : 42868, 1, 2022/04/14, 23:37:13.498, 28988283152340, vstest.console.dll, CurrentDomainAssemblyResolve: Failed to resolve assembly 'Microsoft.Bcl.AsyncInterfaces'.
TpTrace Warning: 0 : 42868, 1, 2022/04/14, 23:37:13.499, 28988283159615, vstest.console.dll, TestPluginDiscoverer: Failed to get types from assembly 'Microsoft.Diagnostics.NETCore.Client, Version=0.2.2.41902, Culture=neutral, PublicKeyToken=31bf3856ad364e35'.  Skipping test extension scan for this assembly.  Error: System.Reflection.ReflectionTypeLoadException: Unable to load one or more of the requested types.
Could not load file or assembly 'Microsoft.Bcl.AsyncInterfaces, Version=1.0.0.0, Culture=neutral, PublicKeyToken=cc7b13ffcd2ddd51'. The system cannot find the file specified.
   at System.Reflection.RuntimeModule.GetTypes(RuntimeModule module)
   at System.Reflection.RuntimeModule.GetTypes()
   at System.Reflection.Assembly.GetTypes()
   at Microsoft.VisualStudio.TestPlatform.Common.ExtensionFramework.TestPluginDiscoverer.GetTestExtensionsFromAssembly[TPluginInfo,TExtension](Assembly assembly, Dictionary`2 pluginInfos)
System.IO.FileNotFoundException: Could not load file or assembly 'Microsoft.Bcl.AsyncInterfaces, Version=1.0.0.0, Culture=neutral, PublicKeyToken=cc7b13ffcd2ddd51'. The system cannot find the file specified.
File name: 'Microsoft.Bcl.AsyncInterfaces, Version=1.0.0.0, Culture=neutral, PublicKeyToken=cc7b13ffcd2ddd51'
TpTrace Warning: 0 : 42868, 1, 2022/04/14, 23:37:13.499, 28988283161145, vstest.console.dll, LoaderExceptions: System.IO.FileNotFoundException: Could not load file or assembly 'Microsoft.Bcl.AsyncInterfaces, Version=1.0.0.0, Culture=neutral, PublicKeyToken=cc7b13ffcd2ddd51'. The system cannot find the file specified.
File name: 'Microsoft.Bcl.AsyncInterfaces, Version=1.0.0.0, Culture=neutral, PublicKeyToken=cc7b13ffcd2ddd51'
TpTrace Verbose: 0 : 42868, 1, 2022/04/14, 23:37:13.500, 28988283170552, vstest.console.dll, TestPluginCache: Discovered the extensions using extension path ''.
TpTrace Verbose: 0 : 42868, 1, 2022/04/14, 23:37:13.500, 28988283173651, vstest.console.dll, TestPluginCache: Discoverers are ''.
TpTrace Verbose: 0 : 42868, 1, 2022/04/14, 23:37:13.500, 28988283174291, vstest.console.dll, TestPluginCache: Executors are ''.
TpTrace Verbose: 0 : 42868, 1, 2022/04/14, 23:37:13.500, 28988283174786, vstest.console.dll, TestPluginCache: Executors2 are ''.
TpTrace Verbose: 0 : 42868, 1, 2022/04/14, 23:37:13.500, 28988283175267, vstest.console.dll, TestPluginCache: Setting providers are ''.
TpTrace Verbose: 0 : 42868, 1, 2022/04/14, 23:37:13.501, 28988283176737, vstest.console.dll, TestPluginCache: Loggers are 'logger://Microsoft/TestPlatform/Extensions/Blame/v1,logger://Microsoft/TestPlatform/HtmlLogger/v1,logger://Microsoft/TestPlatform/TrxLogger/v1'.
TpTrace Information: 0 : 42868, 1, 2022/04/14, 23:37:13.502, 28988283193720, vstest.console.dll, TestPluginManager.CreateTestExtension: Attempting to load test extension: Microsoft.TestPlatform.Extensions.BlameDataCollector.BlameLogger
TpTrace Information: 0 : 42868, 1, 2022/04/14, 23:37:13.524, 28988283405693, vstest.console.dll, TestPluginManager.CreateTestExtension: Attempting to load test extension: Microsoft.VisualStudio.TestPlatform.CrossPlatEngine.Hosting.DefaultTestHostManager
TpTrace Information: 0 : 42868, 1, 2022/04/14, 23:37:13.524, 28988283412074, vstest.console.dll, TestPluginManager.CreateTestExtension: Attempting to load test extension: Microsoft.VisualStudio.TestPlatform.CrossPlatEngine.Hosting.DotnetTestHostManager
TpTrace Verbose: 0 : 42868, 1, 2022/04/14, 23:37:13.525, 28988283424840, vstest.console.dll, TestEngine: Initializing Parallel Execution as MaxCpuCount is set to: 1
TpTrace Information: 0 : 42868, 1, 2022/04/14, 23:37:13.526, 28988283434862, vstest.console.dll, InferRunSettingsHelper.IsTestSettingsEnabled: Unable to navigate to RunSettings/MSTest. Current node: RunSettings
TpTrace Verbose: 0 : 42868, 1, 2022/04/14, 23:37:13.583, 28988284000739, vstest.console.dll, TestRequestSender is acting as server
TpTrace Verbose: 0 : 42868, 4, 2022/04/14, 23:37:13.592, 28988284090966, vstest.console.dll, DataCollectionRequestSender.InitializeCommunication : Initialize communication. 
TpTrace Information: 0 : 42868, 4, 2022/04/14, 23:37:13.620, 28988284366366, vstest.console.dll, Listening on Endpoint : 127.0.0.1:52524
TpTrace Verbose: 0 : 42868, 4, 2022/04/14, 23:37:13.644, 28988284609400, vstest.console.dll, DotnetDataCollectionLauncher: Full path of dotnet.exe is C:\Program Files\dotnet\dotnet.exe
TpTrace Verbose: 0 : 42868, 4, 2022/04/14, 23:37:13.645, 28988284618020, vstest.console.dll, DotnetDataCollectionLauncher: Adding  --runtimeconfig "C:\Program Files\dotnet\sdk\5.0.406\datacollector.runtimeconfig.json" in args
TpTrace Verbose: 0 : 42868, 4, 2022/04/14, 23:37:13.645, 28988284624827, vstest.console.dll, DotnetDataCollectionLauncher: Adding  --depsfile "C:\Program Files\dotnet\sdk\5.0.406\datacollector.deps.json" in args
TpTrace Information: 0 : 42868, 4, 2022/04/14, 23:37:13.682, 28988284991368, vstest.console.dll, ProxyDataCollectionManager.Initialize: Launched datacollector processId: 41172 port: 52524
TpTrace Information: 0 : 42868, 4, 2022/04/14, 23:37:13.682, 28988284994448, vstest.console.dll, ProxyDataCollectionManager.Initialize: waiting for connection with timeout: 90 seconds
TpTrace Verbose: 0 : 42868, 4, 2022/04/14, 23:37:13.683, 28988284995924, vstest.console.dll, DataCollectionRequestSender.WaitForRequestHandlerConnection : Waiting for connection with timeout: 90000
TpTrace Information: 0 : 42868, 7, 2022/04/14, 23:37:14.076, 28988288931100, vstest.console.dll, Using the buffer size of 16384 bytes
TpTrace Verbose: 0 : 42868, 4, 2022/04/14, 23:37:14.076, 28988288932790, vstest.console.dll, ProxyDataCollectionManager.InvokeDataCollectionServiceAction: Starting.
TpTrace Information: 0 : 42868, 7, 2022/04/14, 23:37:14.076, 28988288933012, vstest.console.dll, Accepted Client request and set the flag
TpTrace Information: 0 : 42868, 4, 2022/04/14, 23:37:14.076, 28988288935323, vstest.console.dll, ProxyDataCollectionManager.BeforeTestRunStart: Get environment variable and port for datacollector processId: 41172 port: 52524
TpTrace Verbose: 0 : 42868, 4, 2022/04/14, 23:37:14.077, 28988288938006, vstest.console.dll, DataCollectionRequestSender.SendBeforeTestRunStartAndGetResult : Send BeforeTestRunStart message with settingsXml <RunSettings><RunConfiguration><ResultsDirectory>C:\Users\Ersel\Source\Repos\Unittest_Demo\TestServices\bin\Debug\netcoreapp3.1\fine-code-coverage\coverage-tool-output</ResultsDirectory><TargetPlatform>X64</TargetPlatform><TargetFrameworkVersion>.NETCoreApp,Version=v3.1</TargetFrameworkVersion><DesignMode>False</DesignMode><CollectSourceInformation>False</CollectSourceInformation><TestAdaptersPaths>C:\Program Files\dotnet\sdk\5.0.406\Extensions</TestAdaptersPaths></RunConfiguration><LoggerRunSettings><Loggers><Logger friendlyName="blame" enabled="True" /><Logger friendlyName="Console" uri="logger://microsoft/TestPlatform/ConsoleLogger/v1" assemblyQualifiedName="Microsoft.VisualStudio.TestPlatform.CommandLine.Internal.ConsoleLogger, vstest.console, Version=15.0.0.0, Culture=neutral, PublicKeyToken=b03f5f7f11d50a3a" codeBase="C:\Program Files\dotnet\sdk\5.0.406\vstest.console.dll" enabled="True" /></Loggers></LoggerRunSettings><DataCollectionRunSettings><DataCollectors><DataCollector friendlyName="blame" enabled="True"><Configuration><ResultsDirectory>C:\Users\Ersel\Source\Repos\Unittest_Demo\TestServices\bin\Debug\netcoreapp3.1\fine-code-coverage\coverage-tool-output</ResultsDirectory></Configuration></DataCollector></DataCollectors></DataCollectionRunSettings></RunSettings> and sources System.Linq.Enumerable+Concat2Iterator`1[System.String]: 
TpTrace Verbose: 0 : 42868, 4, 2022/04/14, 23:37:14.253, 28988290697638, vstest.console.dll, DataCollectionRequestSender.SendBeforeTestRunStartAndGetResult : Received message: (DataCollection.SendMessage) -> {
  "FriendlyName": null,
  "Uri": null,
  "TestCaseId": "00000000-0000-0000-0000-000000000000",
  "Message": "Logging DataCollector Diagnostics in file: C:\\Users\\Ersel\\Source\\Repos\\Unittest_Demo\\TestServices\\bin\\Debug\\netcoreapp3.1\\fine-code-coverage\\coverage-tool-output\\diagnostics.datacollector.22-04-14_23-37-13_63193_4.log",
  "Level": 0
}
TpTrace Verbose: 0 : 42868, 4, 2022/04/14, 23:37:14.382, 28988291989449, vstest.console.dll, DataCollectionRequestSender.SendBeforeTestRunStartAndGetResult : Received message: (DataCollection.BeforeTestRunStartResult) -> {
  "EnvironmentVariables": {},
  "DataCollectionEventsPort": 52527
}
TpTrace Information: 0 : 42868, 4, 2022/04/14, 23:37:14.388, 28988292045695, vstest.console.dll, ProxyDataCollectionManager.BeforeTestRunStart: SendBeforeTestRunStartAndGetResult successful, env variable from datacollector:   and testhost port: 52527
TpTrace Information: 0 : 42868, 4, 2022/04/14, 23:37:14.388, 28988292047384, vstest.console.dll, ProxyDataCollectionManager.InvokeDataCollectionServiceAction: Completed.
TpTrace Verbose: 0 : 42868, 1, 2022/04/14, 23:37:14.388, 28988292049827, vstest.console.dll, TestRunRequest.ExecuteAsync: Creating test run request.
TpTrace Verbose: 0 : 42868, 1, 2022/04/14, 23:37:14.388, 28988292053995, vstest.console.dll, TestRunRequest.ExecuteAsync: Starting.
TpTrace Information: 0 : 42868, 1, 2022/04/14, 23:37:14.389, 28988292062709, vstest.console.dll, TestRunRequest.ExecuteAsync: Starting run with settings:TestRunCriteria:
   KeepAlive=False,FrequencyOfRunStatsChangeEvent=10,RunStatsChangeEventTimeout=00:00:01.5000000,TestCaseFilter=,TestExecutorLauncher=
   Settingsxml=<RunSettings>
  <RunConfiguration>
    <ResultsDirectory>C:\Users\Ersel\Source\Repos\Unittest_Demo\TestServices\bin\Debug\netcoreapp3.1\fine-code-coverage\coverage-tool-output</ResultsDirectory>
    <TargetPlatform>X64</TargetPlatform>
    <TargetFrameworkVersion>.NETCoreApp,Version=v3.1</TargetFrameworkVersion>
    <DesignMode>False</DesignMode>
    <CollectSourceInformation>False</CollectSourceInformation>
  </RunConfiguration>
  <LoggerRunSettings>
    <Loggers>
      <Logger friendlyName="blame" enabled="True" />
      <Logger friendlyName="Console" uri="logger://microsoft/TestPlatform/ConsoleLogger/v1" assemblyQualifiedName="Microsoft.VisualStudio.TestPlatform.CommandLine.Internal.ConsoleLogger, vstest.console, Version=15.0.0.0, Culture=neutral, PublicKeyToken=b03f5f7f11d50a3a" codeBase="C:\Program Files\dotnet\sdk\5.0.406\vstest.console.dll" enabled="True" />
    </Loggers>
  </LoggerRunSettings>
  <DataCollectionRunSettings>
    <DataCollectors>
      <DataCollector friendlyName="blame" enabled="True">
        <Configuration>
          <ResultsDirectory>C:\Users\Ersel\Source\Repos\Unittest_Demo\TestServices\bin\Debug\netcoreapp3.1\fine-code-coverage\coverage-tool-output</ResultsDirectory>
        </Configuration>
      </DataCollector>
    </DataCollectors>
  </DataCollectionRunSettings>
</RunSettings>

TpTrace Verbose: 0 : 42868, 1, 2022/04/14, 23:37:14.389, 28988292063938, vstest.console.dll, TestRunRequest.ExecuteAsync: Wait for the first run request is over.
TpTrace Verbose: 0 : 42868, 1, 2022/04/14, 23:37:14.390, 28988292070140, vstest.console.dll, ParallelProxyExecutionManager: Start execution. Total sources: 1
TpTrace Information: 0 : 42868, 1, 2022/04/14, 23:37:14.391, 28988292080878, vstest.console.dll, ProxyParallelExecutionManager: Triggering test run for next source: C:\Users\Ersel\Source\Repos\Unittest_Demo\TestServices\bin\Debug\netcoreapp3.1\fine-code-coverage\build-output\TestServices.dll
TpTrace Verbose: 0 : 42868, 4, 2022/04/14, 23:37:14.391, 28988292084197, vstest.console.dll, ParallelProxyExecutionManager: Execution started. Started clients: 1
TpTrace Verbose: 0 : 42868, 1, 2022/04/14, 23:37:14.391, 28988292085180, vstest.console.dll, ProxyParallelExecutionManager: No sources available for execution.
TpTrace Information: 0 : 42868, 1, 2022/04/14, 23:37:14.392, 28988292087000, vstest.console.dll, TestRunRequest.ExecuteAsync: Started.
TpTrace Verbose: 0 : 42868, 1, 2022/04/14, 23:37:14.392, 28988292088739, vstest.console.dll, TestRunRequest.WaitForCompletion: Waiting with timeout -1.
TpTrace Verbose: 0 : 42868, 4, 2022/04/14, 23:37:14.392, 28988292090140, vstest.console.dll, TestRunRequest:SendTestRunMessage: Starting.
TpTrace Information: 0 : 42868, 4, 2022/04/14, 23:37:14.392, 28988292092214, vstest.console.dll, TestRunRequest:SendTestRunMessage: Completed.
TpTrace Verbose: 0 : 42868, 4, 2022/04/14, 23:37:14.392, 28988292095433, vstest.console.dll, ProxyExecutionManager: Test host is always Lazy initialize.
TpTrace Verbose: 0 : 42868, 4, 2022/04/14, 23:37:14.393, 28988292098943, vstest.console.dll, TestRequestSender.InitializeCommunication: initialize communication. 
TpTrace Information: 0 : 42868, 4, 2022/04/14, 23:37:14.394, 28988292106740, vstest.console.dll, SocketServer.Start: Listening on endpoint : 127.0.0.1:52528
TpTrace Verbose: 0 : 42868, 4, 2022/04/14, 23:37:14.395, 28988292117625, vstest.console.dll, DotnetTestHostmanager: Adding  --runtimeconfig "C:\Users\Ersel\Source\Repos\Unittest_Demo\TestServices\bin\Debug\netcoreapp3.1\fine-code-coverage\build-output\TestServices.runtimeconfig.json" in args
TpTrace Verbose: 0 : 42868, 4, 2022/04/14, 23:37:14.395, 28988292120803, vstest.console.dll, DotnetTestHostmanager: Adding  --depsfile "C:\Users\Ersel\Source\Repos\Unittest_Demo\TestServices\bin\Debug\netcoreapp3.1\fine-code-coverage\build-output\TestServices.deps.json" in args
TpTrace Information: 0 : 42868, 4, 2022/04/14, 23:37:14.395, 28988292125059, vstest.console.dll, AssemblyResolver.OnResolve: Microsoft.Extensions.DependencyModel: Resolving assembly.
TpTrace Information: 0 : 42868, 4, 2022/04/14, 23:37:14.396, 28988292126106, vstest.console.dll, AssemblyResolver.OnResolve: Microsoft.Extensions.DependencyModel: Searching in: 'C:\Program Files\dotnet\sdk\5.0.406\Extensions'.
TpTrace Information: 0 : 42868, 4, 2022/04/14, 23:37:14.396, 28988292127440, vstest.console.dll, AssemblyResolver.OnResolve: Microsoft.Extensions.DependencyModel: Assembly path does not exist: 'C:\Program Files\dotnet\sdk\5.0.406\Extensions\Microsoft.Extensions.DependencyModel.dll', returning.
TpTrace Information: 0 : 42868, 4, 2022/04/14, 23:37:14.396, 28988292128719, vstest.console.dll, AssemblyResolver.OnResolve: Microsoft.Extensions.DependencyModel: Assembly path does not exist: 'C:\Program Files\dotnet\sdk\5.0.406\Extensions\Microsoft.Extensions.DependencyModel.exe', returning.
TpTrace Information: 0 : 42868, 4, 2022/04/14, 23:37:14.396, 28988292129469, vstest.console.dll, AssemblyResolver.OnResolve: Microsoft.Extensions.DependencyModel: Searching in: 'C:\Program Files\dotnet\sdk\5.0.406'.
TpTrace Information: 0 : 42868, 4, 2022/04/14, 23:37:14.397, 28988292144837, vstest.console.dll, AssemblyResolver.OnResolve: Microsoft.Extensions.DependencyModel: Loading assembly 'C:\Program Files\dotnet\sdk\5.0.406\Microsoft.Extensions.DependencyModel.dll'.
TpTrace Information: 0 : 42868, 4, 2022/04/14, 23:37:14.399, 28988292156077, vstest.console.dll, AssemblyResolver.OnResolve: Resolved assembly: Microsoft.Extensions.DependencyModel, from path: C:\Program Files\dotnet\sdk\5.0.406\Microsoft.Extensions.DependencyModel.dll
TpTrace Verbose: 0 : 42868, 4, 2022/04/14, 23:37:14.399, 28988292162584, vstest.console.dll, DotnetTestHostmanager: Reading file C:\Users\Ersel\Source\Repos\Unittest_Demo\TestServices\bin\Debug\netcoreapp3.1\fine-code-coverage\build-output\TestServices.deps.json to get path of testhost.dll
TpTrace Verbose: 0 : 42868, 4, 2022/04/14, 23:37:14.456, 28988292734122, vstest.console.dll, DotnetTestHostmanager: Relative path of testhost.dll with respect to package folder is microsoft.testplatform.testhost/16.5.0\lib/netcoreapp2.1/testhost.dll
TpTrace Verbose: 0 : 42868, 4, 2022/04/14, 23:37:14.465, 28988292820940, vstest.console.dll, DotnetTestHostmanager: Looking for path microsoft.testplatform.testhost/16.5.0\lib/netcoreapp2.1/testhost.dll in folder C:\Users\Ersel\.dotnet\store\|arch|\|tfm|
TpTrace Verbose: 0 : 42868, 4, 2022/04/14, 23:37:14.465, 28988292823925, vstest.console.dll, DotnetTestHostmanager: Looking for path microsoft.testplatform.testhost/16.5.0\lib/netcoreapp2.1/testhost.dll in folder C:\Users\Ersel\.nuget\packages
TpTrace Verbose: 0 : 42868, 4, 2022/04/14, 23:37:14.466, 28988292828602, vstest.console.dll, DotnetTestHostManager: Testhost.exe/testhost.x86.exe found at path: C:\Users\Ersel\.nuget\packages\microsoft.testplatform.testhost\16.5.0\build\netcoreapp2.1\x64\testhost.exe
TpTrace Verbose: 0 : 42868, 4, 2022/04/14, 23:37:14.466, 28988292829688, vstest.console.dll, DotnetTestHostmanager: Full path of host exe is C:\Users\Ersel\.nuget\packages\microsoft.testplatform.testhost\16.5.0\build\netcoreapp2.1\x64\testhost.exe
TpTrace Verbose: 0 : 42868, 6, 2022/04/14, 23:37:14.467, 28988292844806, vstest.console.dll, DotnetTestHostManager: Starting process 'C:\Users\Ersel\.nuget\packages\microsoft.testplatform.testhost\16.5.0\build\netcoreapp2.1\x64\testhost.exe' with command line ' --runtimeconfig "C:\Users\Ersel\Source\Repos\Unittest_Demo\TestServices\bin\Debug\netcoreapp3.1\fine-code-coverage\build-output\TestServices.runtimeconfig.json" --depsfile "C:\Users\Ersel\Source\Repos\Unittest_Demo\TestServices\bin\Debug\netcoreapp3.1\fine-code-coverage\build-output\TestServices.deps.json" --port 52528 --endpoint 127.0.0.1:052528 --role client --parentprocessid 42868 --diag "C:\Users\Ersel\Source\Repos\Unittest_Demo\TestServices\bin\Debug\netcoreapp3.1\fine-code-coverage\coverage-tool-output\diagnostics.host.22-04-14_23-37-14_39460_4.log" --tracelevel 4 --datacollectionport 52527 --telemetryoptedin false'
TpTrace Verbose: 0 : 42868, 6, 2022/04/14, 23:37:14.496, 28988293131649, vstest.console.dll, Test Runtime launched
TpTrace Verbose: 0 : 42868, 4, 2022/04/14, 23:37:14.498, 28988293146088, vstest.console.dll, TestRequestSender.WaitForRequestHandlerConnection: waiting for connection with timeout: 90000
TpTrace Verbose: 0 : 42868, 10, 2022/04/14, 23:37:15.004, 28988298207453, vstest.console.dll, SocketServer.OnClientConnected: Client connected for endPoint: 127.0.0.1:52528, starting MessageLoopAsync:
TpTrace Verbose: 0 : 42868, 10, 2022/04/14, 23:37:15.004, 28988298214263, vstest.console.dll, TcpClientExtensions.MessageLoopAsync: Polling on remoteEndPoint: 127.0.0.1:52529 localEndPoint: 127.0.0.1:52528
TpTrace Verbose: 0 : 42868, 10, 2022/04/14, 23:37:15.370, 28988301875149, vstest.console.dll, TcpClientExtensions.MessageLoopAsync: NotifyDataAvailable remoteEndPoint: 127.0.0.1:52529 localEndPoint: 127.0.0.1:52528
TpTrace Verbose: 0 : 42868, 10, 2022/04/14, 23:37:15.371, 28988301879847, vstest.console.dll, TestRequestSender.CheckVersionWithTestHost: onMessageReceived received message: (ProtocolVersion) -> 2
TpTrace Verbose: 0 : 42868, 10, 2022/04/14, 23:37:15.372, 28988301888071, vstest.console.dll, TcpClientExtensions.MessageLoopAsync: Polling on remoteEndPoint: 127.0.0.1:52529 localEndPoint: 127.0.0.1:52528
TpTrace Verbose: 0 : 42868, 4, 2022/04/14, 23:37:15.372, 28988301890793, vstest.console.dll, TestPluginCache.GetExtensionPaths: Filtered extension paths: 
TpTrace Verbose: 0 : 42868, 4, 2022/04/14, 23:37:15.372, 28988301892640, vstest.console.dll, TestPluginCache.GetExtensionPaths: Added default extension paths: C:\Program Files\dotnet\sdk\5.0.406\Extensions\Microsoft.Diagnostics.NETCore.Client.dll
C:\Program Files\dotnet\sdk\5.0.406\Extensions\Microsoft.TestPlatform.Extensions.BlameDataCollector.dll
C:\Program Files\dotnet\sdk\5.0.406\Extensions\Microsoft.TestPlatform.Extensions.EventLogCollector.dll
C:\Program Files\dotnet\sdk\5.0.406\Extensions\Microsoft.TestPlatform.TestHostRuntimeProvider.dll
C:\Program Files\dotnet\sdk\5.0.406\Extensions\Microsoft.VisualStudio.TestPlatform.Extensions.Html.TestLogger.dll
C:\Program Files\dotnet\sdk\5.0.406\Extensions\Microsoft.VisualStudio.TestPlatform.Extensions.Trx.TestLogger.dll
TpTrace Verbose: 0 : 42868, 4, 2022/04/14, 23:37:15.372, 28988301894222, vstest.console.dll, TestPluginCache.GetExtensionPaths: Added unfilterableExtensionPaths: 
TpTrace Verbose: 0 : 42868, 4, 2022/04/14, 23:37:15.380, 28988301968286, vstest.console.dll, TestRequestSender.InitializeExecution: Sending initializing execution with message: {"Version":2,"MessageType":"TestExecution.Initialize","Payload":["C:\\Users\\Ersel\\Source\\Repos\\Unittest_Demo\\TestServices\\bin\\Debug\\netcoreapp3.1\\fine-code-coverage\\build-output\\NUnit3.TestAdapter.dll"]}
TpTrace Verbose: 0 : 42868, 10, 2022/04/14, 23:37:15.404, 28988302206669, vstest.console.dll, TcpClientExtensions.MessageLoopAsync: NotifyDataAvailable remoteEndPoint: 127.0.0.1:52529 localEndPoint: 127.0.0.1:52528
TpTrace Verbose: 0 : 42868, 4, 2022/04/14, 23:37:15.404, 28988302209453, vstest.console.dll, TestRequestSender.StartTestRun: Sending test run with message: {"Version":2,"MessageType":"TestExecution.StartWithSources","Payload":{"AdapterSourceMap":{"_none_":["C:\\Users\\Ersel\\Source\\Repos\\Unittest_Demo\\TestServices\\bin\\Debug\\netcoreapp3.1\\fine-code-coverage\\build-output\\TestServices.dll"]},"RunSettings":"<RunSettings>\r\n  <RunConfiguration>\r\n    <ResultsDirectory>C:\\Users\\Ersel\\Source\\Repos\\Unittest_Demo\\TestServices\\bin\\Debug\\netcoreapp3.1\\fine-code-coverage\\coverage-tool-output</ResultsDirectory>\r\n    <TargetPlatform>X64</TargetPlatform>\r\n    <TargetFrameworkVersion>.NETCoreApp,Version=v3.1</TargetFrameworkVersion>\r\n    <DesignMode>False</DesignMode>\r\n    <CollectSourceInformation>False</CollectSourceInformation>\r\n  </RunConfiguration>\r\n  <LoggerRunSettings>\r\n    <Loggers>\r\n      <Logger friendlyName=\"blame\" enabled=\"True\" />\r\n      <Logger friendlyName=\"Console\" uri=\"logger://microsoft/TestPlatform/ConsoleLogger/v1\" assemblyQualifiedName=\"Microsoft.VisualStudio.TestPlatform.CommandLine.Internal.ConsoleLogger, vstest.console, Version=15.0.0.0, Culture=neutral, PublicKeyToken=b03f5f7f11d50a3a\" codeBase=\"C:\\Program Files\\dotnet\\sdk\\5.0.406\\vstest.console.dll\" enabled=\"True\" />\r\n    </Loggers>\r\n  </LoggerRunSettings>\r\n  <DataCollectionRunSettings>\r\n    <DataCollectors>\r\n      <DataCollector friendlyName=\"blame\" enabled=\"True\">\r\n        <Configuration>\r\n          <ResultsDirectory>C:\\Users\\Ersel\\Source\\Repos\\Unittest_Demo\\TestServices\\bin\\Debug\\netcoreapp3.1\\fine-code-coverage\\coverage-tool-output</ResultsDirectory>\r\n        </Configuration>\r\n      </DataCollector>\r\n    </DataCollectors>\r\n  </DataCollectionRunSettings>\r\n</RunSettings>","TestExecutionContext":{"FrequencyOfRunStatsChangeEvent":10,"RunStatsChangeEventTimeout":"00:00:01.5000000","InIsolation":false,"KeepAlive":false,"AreTestCaseLevelEventsRequired":false,"IsDebug":false,"TestCaseFilter":null,"FilterOptions":null},"Package":null}}
TpTrace Verbose: 0 : 42868, 10, 2022/04/14, 23:37:15.404, 28988302210477, vstest.console.dll, TestRequestSender.OnExecutionMessageReceived: Received message: {"Version":2,"MessageType":"TestSession.Message","Payload":{"MessageLevel":0,"Message":"Logging TestHost Diagnostics in file: C:\\Users\\Ersel\\Source\\Repos\\Unittest_Demo\\TestServices\\bin\\Debug\\netcoreapp3.1\\fine-code-coverage\\coverage-tool-output\\diagnostics.host.22-04-14_23-37-14_39460_4.log"}}
TpTrace Verbose: 0 : 42868, 10, 2022/04/14, 23:37:15.407, 28988302241113, vstest.console.dll, TestRunRequest:SendTestRunMessage: Starting.
TpTrace Information: 0 : 42868, 10, 2022/04/14, 23:37:15.407, 28988302243847, vstest.console.dll, TestRunRequest:SendTestRunMessage: Completed.
TpTrace Verbose: 0 : 42868, 10, 2022/04/14, 23:37:15.407, 28988302245073, vstest.console.dll, TcpClientExtensions.MessageLoopAsync: Polling on remoteEndPoint: 127.0.0.1:52529 localEndPoint: 127.0.0.1:52528
TpTrace Verbose: 0 : 42868, 10, 2022/04/14, 23:37:15.710, 28988305272472, vstest.console.dll, TcpClientExtensions.MessageLoopAsync: NotifyDataAvailable remoteEndPoint: 127.0.0.1:52529 localEndPoint: 127.0.0.1:52528
TpTrace Verbose: 0 : 42868, 10, 2022/04/14, 23:37:15.710, 28988305274791, vstest.console.dll, TestRequestSender.OnExecutionMessageReceived: Received message: {"Version":2,"MessageType":"TestSession.Message","Payload":{"MessageLevel":0,"Message":"NUnit Adapter 3.16.1.0: Test execution started"}}
TpTrace Verbose: 0 : 42868, 10, 2022/04/14, 23:37:15.711, 28988305279543, vstest.console.dll, TestRunRequest:SendTestRunMessage: Starting.
TpTrace Information: 0 : 42868, 10, 2022/04/14, 23:37:15.711, 28988305281150, vstest.console.dll, TestRunRequest:SendTestRunMessage: Completed.
TpTrace Verbose: 0 : 42868, 10, 2022/04/14, 23:37:15.711, 28988305282113, vstest.console.dll, TcpClientExtensions.MessageLoopAsync: Polling on remoteEndPoint: 127.0.0.1:52529 localEndPoint: 127.0.0.1:52528
TpTrace Verbose: 0 : 42868, 10, 2022/04/14, 23:37:15.731, 28988305478842, vstest.console.dll, TcpClientExtensions.MessageLoopAsync: NotifyDataAvailable remoteEndPoint: 127.0.0.1:52529 localEndPoint: 127.0.0.1:52528
TpTrace Verbose: 0 : 42868, 10, 2022/04/14, 23:37:15.731, 28988305480967, vstest.console.dll, TestRequestSender.OnExecutionMessageReceived: Received message: {"Version":2,"MessageType":"TestSession.Message","Payload":{"MessageLevel":0,"Message":"Running all tests in C:\\Users\\Ersel\\Source\\Repos\\Unittest_Demo\\TestServices\\bin\\Debug\\netcoreapp3.1\\fine-code-coverage\\build-output\\TestServices.dll"}}
TpTrace Verbose: 0 : 42868, 10, 2022/04/14, 23:37:15.731, 28988305484161, vstest.console.dll, TestRunRequest:SendTestRunMessage: Starting.
TpTrace Information: 0 : 42868, 10, 2022/04/14, 23:37:15.731, 28988305485565, vstest.console.dll, TestRunRequest:SendTestRunMessage: Completed.
TpTrace Verbose: 0 : 42868, 10, 2022/04/14, 23:37:15.732, 28988305486432, vstest.console.dll, TcpClientExtensions.MessageLoopAsync: Polling on remoteEndPoint: 127.0.0.1:52529 localEndPoint: 127.0.0.1:52528
TpTrace Verbose: 0 : 42868, 10, 2022/04/14, 23:37:16.033, 28988308496695, vstest.console.dll, TcpClientExtensions.MessageLoopAsync: NotifyDataAvailable remoteEndPoint: 127.0.0.1:52529 localEndPoint: 127.0.0.1:52528
TpTrace Verbose: 0 : 42868, 10, 2022/04/14, 23:37:16.033, 28988308499029, vstest.console.dll, TestRequestSender.OnExecutionMessageReceived: Received message: {"Version":2,"MessageType":"TestSession.Message","Payload":{"MessageLevel":0,"Message":"   NUnit3TestExecutor converted 2 of 2 NUnit test cases"}}
TpTrace Verbose: 0 : 42868, 10, 2022/04/14, 23:37:16.033, 28988308502294, vstest.console.dll, TestRunRequest:SendTestRunMessage: Starting.
TpTrace Information: 0 : 42868, 10, 2022/04/14, 23:37:16.033, 28988308503776, vstest.console.dll, TestRunRequest:SendTestRunMessage: Completed.
TpTrace Verbose: 0 : 42868, 10, 2022/04/14, 23:37:16.033, 28988308504707, vstest.console.dll, TcpClientExtensions.MessageLoopAsync: Polling on remoteEndPoint: 127.0.0.1:52529 localEndPoint: 127.0.0.1:52528
TpTrace Verbose: 0 : 42868, 10, 2022/04/14, 23:37:16.440, 28988312569861, vstest.console.dll, TcpClientExtensions.MessageLoopAsync: NotifyDataAvailable remoteEndPoint: 127.0.0.1:52529 localEndPoint: 127.0.0.1:52528
TpTrace Verbose: 0 : 42868, 10, 2022/04/14, 23:37:16.440, 28988312571494, vstest.console.dll, TestRequestSender.OnExecutionMessageReceived: Received message: {"Version":2,"MessageType":"TestSession.Message","Payload":{"MessageLevel":0,"Message":"NUnit Adapter 3.16.1.0: Test execution complete"}}
TpTrace Verbose: 0 : 42868, 10, 2022/04/14, 23:37:16.440, 28988312574138, vstest.console.dll, TestRunRequest:SendTestRunMessage: Starting.
TpTrace Information: 0 : 42868, 10, 2022/04/14, 23:37:16.440, 28988312575466, vstest.console.dll, TestRunRequest:SendTestRunMessage: Completed.
TpTrace Verbose: 0 : 42868, 10, 2022/04/14, 23:37:16.441, 28988312576340, vstest.console.dll, TcpClientExtensions.MessageLoopAsync: Polling on remoteEndPoint: 127.0.0.1:52529 localEndPoint: 127.0.0.1:52528
TpTrace Verbose: 0 : 42868, 10, 2022/04/14, 23:37:16.523, 28988313398936, vstest.console.dll, TcpClientExtensions.MessageLoopAsync: NotifyDataAvailable remoteEndPoint: 127.0.0.1:52529 localEndPoint: 127.0.0.1:52528
TpTrace Verbose: 0 : 42868, 10, 2022/04/14, 23:37:16.523, 28988313401866, vstest.console.dll, TestRequestSender.OnExecutionMessageReceived: Received message: {"Version":2,"MessageType":"TestExecution.Completed","Payload":{"TestRunCompleteArgs":{"TestRunStatistics":{"ExecutedTests":2,"Stats":{"Passed":2}},"IsCanceled":false,"IsAborted":false,"Error":null,"AttachmentSets":[],"ElapsedTimeInRunningTests":"00:00:00.7782619","Metrics":{}},"LastRunTests":{"NewTestResults":[{"TestCase":{"Id":"2a2d726a-9988-3a2a-08b7-320c53c3f2e0","FullyQualifiedName":"TestServices.TestBusinessService.Test1","DisplayName":"Test1","ExecutorUri":"executor://NUnit3TestExecutor","Source":"C:\\Users\\Ersel\\Source\\Repos\\Unittest_Demo\\TestServices\\bin\\Debug\\netcoreapp3.1\\fine-code-coverage\\build-output\\TestServices.dll","CodeFilePath":null,"LineNumber":0,"Properties":[]},"Attachments":[],"Outcome":1,"ErrorMessage":null,"ErrorStackTrace":null,"DisplayName":"Test1","Messages":[],"ComputerName":"ERSEL","Duration":"00:00:00.2422350","StartTime":"2022-04-14T20:37:16+00:00","EndTime":"2022-04-14T20:37:16+00:00","Properties":[]},{"TestCase":{"Id":"d0e95713-29ed-06be-fb41-270bfe65ba43","FullyQualifiedName":"TestServices.TestBusinessService.Test2","DisplayName":"Test2","ExecutorUri":"executor://NUnit3TestExecutor","Source":"C:\\Users\\Ersel\\Source\\Repos\\Unittest_Demo\\TestServices\\bin\\Debug\\netcoreapp3.1\\fine-code-coverage\\build-output\\TestServices.dll","CodeFilePath":null,"LineNumber":0,"Properties":[]},"Attachments":[],"Outcome":1,"ErrorMessage":null,"ErrorStackTrace":null,"DisplayName":"Test2","Messages":[],"ComputerName":"ERSEL","Duration":"00:00:00.0039730","StartTime":"2022-04-14T20:37:16+00:00","EndTime":"2022-04-14T20:37:16+00:00","Properties":[]}],"TestRunStatistics":{"ExecutedTests":2,"Stats":{"Passed":2}},"ActiveTests":[]},"RunAttachments":[],"ExecutorUris":["executor://nunit3testexecutor/"]}}
TpTrace Verbose: 0 : 42868, 10, 2022/04/14, 23:37:16.530, 28988313470432, vstest.console.dll, TestRequestSender.EndSession: Sending end session.
TpTrace Verbose: 0 : 42868, 10, 2022/04/14, 23:37:16.530, 28988313473029, vstest.console.dll, ProxyOperationManager.Close: waiting for test host to exit for 100 ms
TpTrace Warning: 0 : 42868, 6, 2022/04/14, 23:37:16.551, 28988313684026, vstest.console.dll, TestHostManagerCallbacks.ErrorReceivedCallback Test host standard error line: 
TpTrace Verbose: 0 : 42868, 7, 2022/04/14, 23:37:16.576, 28988313929153, vstest.console.dll, TestHostProvider.ExitCallBack: Host exited starting callback.
TpTrace Information: 0 : 42868, 7, 2022/04/14, 23:37:16.578, 28988313946342, vstest.console.dll, TestHostManagerCallbacks.ExitCallBack: Testhost processId: 43976 exited with exitcode: 0 error: ''
TpTrace Verbose: 0 : 42868, 7, 2022/04/14, 23:37:16.578, 28988313947768, vstest.console.dll, DotnetTestHostManager.OnHostExited: invoking OnHostExited callback
TpTrace Verbose: 0 : 42868, 7, 2022/04/14, 23:37:16.578, 28988313948914, vstest.console.dll, CrossPlatEngine.TestHostManagerHostExited: calling on client process exit callback.
TpTrace Information: 0 : 42868, 7, 2022/04/14, 23:37:16.578, 28988313949934, vstest.console.dll, TestRequestSender.OnClientProcessExit: Test host process exited. Standard error: 
TpTrace Warning: 0 : 42868, 10, 2022/04/14, 23:37:16.578, 28988313950022, vstest.console.dll, ProxyOperationManager: Timed out waiting for test host to exit. Will terminate process.
TpTrace Information: 0 : 42868, 7, 2022/04/14, 23:37:16.578, 28988313951428, vstest.console.dll, SocketServer.Stop: Stop server endPoint: 127.0.0.1:52528
TpTrace Information: 0 : 42868, 7, 2022/04/14, 23:37:16.578, 28988313953502, vstest.console.dll, SocketServer.Stop: Cancellation requested. Stopping message loop.
TpTrace Verbose: 0 : 42868, 10, 2022/04/14, 23:37:16.579, 28988313965181, vstest.console.dll, ProxyDataCollectionManager.InvokeDataCollectionServiceAction: Starting.
TpTrace Information: 0 : 42868, 10, 2022/04/14, 23:37:16.580, 28988313967242, vstest.console.dll, ProxyDataCollectionManager.AfterTestRunEnd: Get attachment set for datacollector processId: 41172 port: 52524
TpTrace Verbose: 0 : 42868, 10, 2022/04/14, 23:37:16.580, 28988313968798, vstest.console.dll, DataCollectionRequestSender.SendAfterTestRunStartAndGetResult : Send AfterTestRunEnd message with isCancelled: False
TpTrace Verbose: 0 : 42868, 10, 2022/04/14, 23:37:16.587, 28988314038244, vstest.console.dll, DataCollectionRequestSender.SendAfterTestRunStartAndGetResult : Received message: (DataCollection.AfterTestRunEndResult) -> {
  "AttachmentSets": [],
  "Metrics": {}
}
TpTrace Information: 0 : 42868, 10, 2022/04/14, 23:37:16.593, 28988314100724, vstest.console.dll, ProxyDataCollectionManager.InvokeDataCollectionServiceAction: Completed.
TpTrace Warning: 0 : 42868, 9, 2022/04/14, 23:37:16.602, 28988314187776, vstest.console.dll, DataCollectionLauncher.ErrorReceivedCallback datacollector standard error line: 
TpTrace Information: 0 : 42868, 7, 2022/04/14, 23:37:16.610, 28988314271214, vstest.console.dll, DataCollectionLauncher.ExitCallBack: Data collector exited with exitcode: 0 error: ''
TpTrace Verbose: 0 : 42868, 10, 2022/04/14, 23:37:16.672, 28988314891226, vstest.console.dll, TestRunRequest:SendTestRunStatsChange: Starting.
TpTrace Information: 0 : 42868, 10, 2022/04/14, 23:37:16.672, 28988314894416, vstest.console.dll, TestRunRequest:SendTestRunStatsChange: Completed.
TpTrace Verbose: 0 : 42868, 10, 2022/04/14, 23:37:16.673, 28988314897193, vstest.console.dll, ParallelProxyExecutionManager: HandlePartialRunComplete: Total completed clients = 1, Run complete = True, Run canceled: False.
TpTrace Verbose: 0 : 42868, 10, 2022/04/14, 23:37:16.709, 28988315265227, vstest.console.dll, TestRunRequest:TestRunComplete: Starting. IsAborted:False IsCanceled:False.
TpTrace Verbose: 0 : 42868, 10, 2022/04/14, 23:37:16.710, 28988315269370, vstest.console.dll, TestLoggerManager.HandleTestRunComplete: Ignoring as the object is disposed.
TpTrace Information: 0 : 42868, 10, 2022/04/14, 23:37:16.710, 28988315274336, vstest.console.dll, TestRunRequest:TestRunComplete: Completed.
TpTrace Verbose: 0 : 42868, 1, 2022/04/14, 23:37:16.710, 28988315274811, vstest.console.dll, TestRunRequest.Dispose: Starting.
TpTrace Verbose: 0 : 42868, 10, 2022/04/14, 23:37:16.711, 28988315275717, vstest.console.dll, TestRequestSender.SetOperationComplete: Setting operation complete.
TpTrace Information: 0 : 42868, 1, 2022/04/14, 23:37:16.711, 28988315276937, vstest.console.dll, TestRunRequest.Dispose: Completed.
TpTrace Information: 0 : 42868, 10, 2022/04/14, 23:37:16.711, 28988315278253, vstest.console.dll, SocketServer.Stop: Stop server endPoint: 127.0.0.1:52528
TpTrace Information: 0 : 42868, 1, 2022/04/14, 23:37:16.711, 28988315279466, vstest.console.dll, TestRequestManager.RunTests: run tests completed.
TpTrace Information: 0 : 42868, 10, 2022/04/14, 23:37:16.711, 28988315280448, vstest.console.dll, SocketServer.Stop: Cancellation requested. Stopping message loop.
TpTrace Information: 0 : 42868, 1, 2022/04/14, 23:37:16.711, 28988315282103, vstest.console.dll, RunTestsArgumentProcessor:Execute: Test run is completed.
TpTrace Information: 0 : 42868, 10, 2022/04/14, 23:37:16.711, 28988315282497, vstest.console.dll, SocketServer.PrivateStop: Stop server endPoint: 127.0.0.1:52528 error: 
TpTrace Verbose: 0 : 42868, 1, 2022/04/14, 23:37:16.711, 28988315284529, vstest.console.dll, Executor.Execute: Exiting with exit code of 0
TpTrace Verbose: 0 : 42868, 10, 2022/04/14, 23:37:16.712, 28988315291724, vstest.console.dll, LengthPrefixCommunicationChannel.Dispose: Dispose reader and writer.
TpTrace Information: 0 : 42868, 10, 2022/04/14, 23:37:16.712, 28988315293030, vstest.console.dll, SocketServer.Stop: Raise disconnected event endPoint: 127.0.0.1:52528 error: 
TpTrace Verbose: 0 : 42868, 10, 2022/04/14, 23:37:16.712, 28988315294105, vstest.console.dll, TestRequestSender: OnTestRunAbort: Operation is already complete. Skip error message.
TpTrace Verbose: 0 : 42868, 10, 2022/04/14, 23:37:16.712, 28988315294718, vstest.console.dll, TcpClientExtensions.MessageLoopAsync: exiting MessageLoopAsync remoteEndPoint: 127.0.0.1:52529 localEndPoint: 127.0.0.1:52528
